

Version:	3.50
CmdLine:	C:\Users\acrpr\OneDrive\Documents\cs23localab\CS125\old-school-tetris\Tetris.exe --l4j-debug
JNI:		No
WOW64:		Yes
Working dir:	C:\Users\acrpr\OneDrive\Documents\cs23localab\CS125\old-school-tetris\.
Requires JDK:	No
Requires 64-Bit: No
Java min ver:	
Java max ver:	
Substitute:	JAVA_HOME = C:\Program Files\Java\jdk-17
Substitute:	PATH = C:\Program Files\Common Files\Oracle\Java\javapath;C:\Program Files (x86)\Razer Chroma SDK\bin;C:\Program Files\Razer Chroma SDK\bin;C:\Program Files (x86)\Razer\ChromaBroadcast\bin;C:\Program Files\Razer\ChromaBroadcast\bin;C:\Program Files (x86)\Common Files\Oracle\Java\javapath;C:\Program Files (x86)\Common Files\Intel\Shared Libraries\redist\intel64\compiler;C:\Windows\system32;C:\Windows;C:\Windows\System32\Wbem;C:\Windows\System32\WindowsPowerShell\v1.0\;C:\Windows\System32\OpenSSH\;C:\Program Files\NVIDIA Corporation\NVIDIA NvDLISR;C:\Windows\system32\config\systemprofile\AppData\Local\Microsoft\WindowsApps;C:\Program Files\dotnet\;C:\Users\acrpr\AppData\Local\Programs\Python\Python311;C:\Users\acrpr\AppData\Local\Programs\Python\Python311\Scripts;C:\WINDOWS\system32;C:\WINDOWS;C:\WINDOWS\System32\Wbem;C:\WINDOWS\System32\WindowsPowerShell\v1.0\;C:\WINDOWS\System32\OpenSSH\;C:\MinGW\bin;C:\jre-10.0.2\bin;C:\Program Files\swipl\bin;C:\masm32\bin;C:\composer;C:\xampp\php;C:\Users\acrpr\AppData\Roaming\JetBrains\WebStorm2023.3\node\node-v18.15.0-win-x64;C:\Program Files (x86)\NVIDIA Corporation\PhysX\Common;C:\Program Files\Java\jdk-17;C:\Program Files\Git\cmd;C:\Program Files\JetBrains\IntelliJ IDEA 2023.2.1\plugins\maven;;C:\Program Files\NVIDIA Corporation\NVIDIA app\NvDLISR;C:\Program Files\MySQL\MySQL Shell 8.0\bin\;C:\Users\acrpr\AppData\Local\Programs\Python\Python311\Scripts\;C:\Users\acrpr\AppData\Local\Programs\Python\Python311\;C:\Users\acrpr\AppData\Local\Microsoft\WindowsApps;C:\MinGW\bin;C:\Program Files\LLVM\bin;C:\Program Files\JetBrains\PyCharm Community Edition 2022.2.1\bin;C:\Program Files\JetBrains\IntelliJ IDEA Community Edition 2023.2.1\bin;C:\Program Files\JetBrains\IntelliJ IDEA 2023.2.1\bin;C:\masm32\bin;C:\Users\acrpr\AppData\Local\Programs\Microsoft VS Code\bin;C:\Users\acrpr\AppData\Local\JetBrains\Toolbox\scripts;C:\Users\acrpr\AppData\Roaming\Composer\vendor\bin;C:\Users\acrpr\AppData\Roaming\JetBrains\WebStorm2023.3\node\node-v18.15.0-win-x64;C:\Program Files\Java\jdk-17;C:\Program Files\JetBrains\IntelliJ IDEA 2023.2.1\plugins\maven;C:\Users\acrpr\.dotnet\tools;C:\Users\acrpr\AppData\Local\Programs\Windsurf\bin;C:\Program Files\Java\jdk-17\bin
JRE paths:	C:\Program Files\Java\jdk-17;C:\Program Files\Common Files\Oracle\Java\javapath;C:\Program Files (x86)\Razer Chroma SDK\bin;C:\Program Files\Razer Chroma SDK\bin;C:\Program Files (x86)\Razer\ChromaBroadcast\bin;C:\Program Files\Razer\ChromaBroadcast\bin;C:\Program Files (x86)\Common Files\Oracle\Java\javapath;C:\Program Files (x86)\Common Files\Intel\Shared Libraries\redist\intel64\compiler;C:\Windows\system32;C:\Windows;C:\Windows\System32\Wbem;C:\Windows\System32\WindowsPowerShell\v1.0\;C:\Windows\System32\OpenSSH\;C:\Program Files\NVIDIA Corporation\NVIDIA NvDLISR;C:\Windows\system32\config\systemprofile\AppData\Local\Microsoft\WindowsApps;C:\Program Files\dotnet\;C:\Users\acrpr\AppData\Local\Programs\Python\Python311;C:\Users\acrpr\AppData\Local\Programs\Python\Python311\Scripts;C:\WINDOWS\system32;C:\WINDOWS;C:\WINDOWS\System32\Wbem;C:\WINDOWS\System32\WindowsPowerShell\v1.0\;C:\WINDOWS\System32\OpenSSH\;C:\MinGW\bin;C:\jre-10.0.2\bin;C:\Program Files\swipl\bin;C:\masm32\bin;C:\composer;C:\xampp\php;C:\Users\acrpr\AppData\Roaming\JetBrains\WebStorm2023.3\node\node-v18.15.0-win-x64;C:\Program Files (x86)\NVIDIA Corporation\PhysX\Common;C:\Program Files\Java\jdk-17;C:\Program Files\Git\cmd;C:\Program Files\JetBrains\IntelliJ IDEA 2023.2.1\plugins\maven;;C:\Program Files\NVIDIA Corporation\NVIDIA app\NvDLISR;C:\Program Files\MySQL\MySQL Shell 8.0\bin\;C:\Users\acrpr\AppData\Local\Programs\Python\Python311\Scripts\;C:\Users\acrpr\AppData\Local\Programs\Python\Python311\;C:\Users\acrpr\AppData\Local\Microsoft\WindowsApps;C:\MinGW\bin;C:\Program Files\LLVM\bin;C:\Program Files\JetBrains\PyCharm Community Edition 2022.2.1\bin;C:\Program Files\JetBrains\IntelliJ IDEA Community Edition 2023.2.1\bin;C:\Program Files\JetBrains\IntelliJ IDEA 2023.2.1\bin;C:\masm32\bin;C:\Users\acrpr\AppData\Local\Programs\Microsoft VS Code\bin;C:\Users\acrpr\AppData\Local\JetBrains\Toolbox\scripts;C:\Users\acrpr\AppData\Roaming\Composer\vendor\bin;C:\Users\acrpr\AppData\Roaming\JetBrains\WebStorm2023.3\node\node-v18.15.0-win-x64;C:\Program Files\Java\jdk-17;C:\Program Files\JetBrains\IntelliJ IDEA 2023.2.1\plugins\maven;C:\Users\acrpr\.dotnet\tools;C:\Users\acrpr\AppData\Local\Programs\Windsurf\bin;C:\Program Files\Java\jdk-17\bin
Check launcher:	C:\Program Files\Java\jdk-17\bin\javaw.exe (OK)
Version string: 1.017.000_011 / 64-Bit (OK)
Launcher:	C:\Program Files\Java\jdk-17\bin\javaw.exe
Launcher args:	-jar "C:\Users\acrpr\OneDrive\Documents\cs23localab\CS125\old-school-tetris\Tetris.exe"
Args length:	87/32768 chars
Exit code:	259


Version:	3.50
CmdLine:	C:\Users\acrpr\OneDrive\Documents\cs23localab\CS125\old-school-tetris\Tetris.exe --l4j-debug
JNI:		No
WOW64:		Yes
Working dir:	C:\Users\acrpr\OneDrive\Documents\cs23localab\CS125\old-school-tetris\.
Requires JDK:	No
Requires 64-Bit: No
Java min ver:	
Java max ver:	
Substitute:	JAVA_HOME = C:\Program Files\Java\jdk-17
Substitute:	PATH = C:\Program Files\Common Files\Oracle\Java\javapath;C:\Program Files (x86)\Razer Chroma SDK\bin;C:\Program Files\Razer Chroma SDK\bin;C:\Program Files (x86)\Razer\ChromaBroadcast\bin;C:\Program Files\Razer\ChromaBroadcast\bin;C:\Program Files (x86)\Common Files\Oracle\Java\javapath;C:\Program Files (x86)\Common Files\Intel\Shared Libraries\redist\intel64\compiler;C:\Windows\system32;C:\Windows;C:\Windows\System32\Wbem;C:\Windows\System32\WindowsPowerShell\v1.0\;C:\Windows\System32\OpenSSH\;C:\Program Files\NVIDIA Corporation\NVIDIA NvDLISR;C:\Windows\system32\config\systemprofile\AppData\Local\Microsoft\WindowsApps;C:\Program Files\dotnet\;C:\Users\acrpr\AppData\Local\Programs\Python\Python311;C:\Users\acrpr\AppData\Local\Programs\Python\Python311\Scripts;C:\WINDOWS\system32;C:\WINDOWS;C:\WINDOWS\System32\Wbem;C:\WINDOWS\System32\WindowsPowerShell\v1.0\;C:\WINDOWS\System32\OpenSSH\;C:\MinGW\bin;C:\jre-10.0.2\bin;C:\Program Files\swipl\bin;C:\masm32\bin;C:\composer;C:\xampp\php;C:\Users\acrpr\AppData\Roaming\JetBrains\WebStorm2023.3\node\node-v18.15.0-win-x64;C:\Program Files (x86)\NVIDIA Corporation\PhysX\Common;C:\Program Files\Java\jdk-17;C:\Program Files\Git\cmd;C:\Program Files\JetBrains\IntelliJ IDEA 2023.2.1\plugins\maven;;C:\Program Files\NVIDIA Corporation\NVIDIA app\NvDLISR;C:\Program Files\MySQL\MySQL Shell 8.0\bin\;C:\Users\acrpr\AppData\Local\Programs\Python\Python311\Scripts\;C:\Users\acrpr\AppData\Local\Programs\Python\Python311\;C:\Users\acrpr\AppData\Local\Microsoft\WindowsApps;C:\MinGW\bin;C:\Program Files\LLVM\bin;C:\Program Files\JetBrains\PyCharm Community Edition 2022.2.1\bin;C:\Program Files\JetBrains\IntelliJ IDEA Community Edition 2023.2.1\bin;C:\Program Files\JetBrains\IntelliJ IDEA 2023.2.1\bin;C:\masm32\bin;C:\Users\acrpr\AppData\Local\Programs\Microsoft VS Code\bin;C:\Users\acrpr\AppData\Local\JetBrains\Toolbox\scripts;C:\Users\acrpr\AppData\Roaming\Composer\vendor\bin;C:\Users\acrpr\AppData\Roaming\JetBrains\WebStorm2023.3\node\node-v18.15.0-win-x64;C:\Program Files\Java\jdk-17;C:\Program Files\JetBrains\IntelliJ IDEA 2023.2.1\plugins\maven;C:\Users\acrpr\.dotnet\tools;C:\Users\acrpr\AppData\Local\Programs\Windsurf\bin;C:\Program Files\Java\jdk-17\bin
JRE paths:	C:\Program Files\Java\jdk-17;C:\Program Files\Common Files\Oracle\Java\javapath;C:\Program Files (x86)\Razer Chroma SDK\bin;C:\Program Files\Razer Chroma SDK\bin;C:\Program Files (x86)\Razer\ChromaBroadcast\bin;C:\Program Files\Razer\ChromaBroadcast\bin;C:\Program Files (x86)\Common Files\Oracle\Java\javapath;C:\Program Files (x86)\Common Files\Intel\Shared Libraries\redist\intel64\compiler;C:\Windows\system32;C:\Windows;C:\Windows\System32\Wbem;C:\Windows\System32\WindowsPowerShell\v1.0\;C:\Windows\System32\OpenSSH\;C:\Program Files\NVIDIA Corporation\NVIDIA NvDLISR;C:\Windows\system32\config\systemprofile\AppData\Local\Microsoft\WindowsApps;C:\Program Files\dotnet\;C:\Users\acrpr\AppData\Local\Programs\Python\Python311;C:\Users\acrpr\AppData\Local\Programs\Python\Python311\Scripts;C:\WINDOWS\system32;C:\WINDOWS;C:\WINDOWS\System32\Wbem;C:\WINDOWS\System32\WindowsPowerShell\v1.0\;C:\WINDOWS\System32\OpenSSH\;C:\MinGW\bin;C:\jre-10.0.2\bin;C:\Program Files\swipl\bin;C:\masm32\bin;C:\composer;C:\xampp\php;C:\Users\acrpr\AppData\Roaming\JetBrains\WebStorm2023.3\node\node-v18.15.0-win-x64;C:\Program Files (x86)\NVIDIA Corporation\PhysX\Common;C:\Program Files\Java\jdk-17;C:\Program Files\Git\cmd;C:\Program Files\JetBrains\IntelliJ IDEA 2023.2.1\plugins\maven;;C:\Program Files\NVIDIA Corporation\NVIDIA app\NvDLISR;C:\Program Files\MySQL\MySQL Shell 8.0\bin\;C:\Users\acrpr\AppData\Local\Programs\Python\Python311\Scripts\;C:\Users\acrpr\AppData\Local\Programs\Python\Python311\;C:\Users\acrpr\AppData\Local\Microsoft\WindowsApps;C:\MinGW\bin;C:\Program Files\LLVM\bin;C:\Program Files\JetBrains\PyCharm Community Edition 2022.2.1\bin;C:\Program Files\JetBrains\IntelliJ IDEA Community Edition 2023.2.1\bin;C:\Program Files\JetBrains\IntelliJ IDEA 2023.2.1\bin;C:\masm32\bin;C:\Users\acrpr\AppData\Local\Programs\Microsoft VS Code\bin;C:\Users\acrpr\AppData\Local\JetBrains\Toolbox\scripts;C:\Users\acrpr\AppData\Roaming\Composer\vendor\bin;C:\Users\acrpr\AppData\Roaming\JetBrains\WebStorm2023.3\node\node-v18.15.0-win-x64;C:\Program Files\Java\jdk-17;C:\Program Files\JetBrains\IntelliJ IDEA 2023.2.1\plugins\maven;C:\Users\acrpr\.dotnet\tools;C:\Users\acrpr\AppData\Local\Programs\Windsurf\bin;C:\Program Files\Java\jdk-17\bin
Check launcher:	C:\Program Files\Java\jdk-17\bin\javaw.exe (OK)
Version string: 1.017.000_011 / 64-Bit (OK)
Launcher:	C:\Program Files\Java\jdk-17\bin\javaw.exe
Launcher args:	-jar "C:\Users\acrpr\OneDrive\Documents\cs23localab\CS125\old-school-tetris\Tetris.exe"
Args length:	87/32768 chars
Exit code:	259


Version:	3.50
CmdLine:	C:\Users\acrpr\OneDrive\Documents\cs23localab\CS125\old-school-tetris\Tetris.exe --l4j-debug
JNI:		No
WOW64:		Yes
Working dir:	C:\Users\acrpr\OneDrive\Documents\cs23localab\CS125\old-school-tetris\.
Requires JDK:	No
Requires 64-Bit: No
Java min ver:	
Java max ver:	
Substitute:	JAVA_HOME = C:\Program Files\Java\jdk-17
Substitute:	PATH = C:\Program Files\Common Files\Oracle\Java\javapath;C:\Program Files (x86)\Razer Chroma SDK\bin;C:\Program Files\Razer Chroma SDK\bin;C:\Program Files (x86)\Razer\ChromaBroadcast\bin;C:\Program Files\Razer\ChromaBroadcast\bin;C:\Program Files (x86)\Common Files\Oracle\Java\javapath;C:\Program Files (x86)\Common Files\Intel\Shared Libraries\redist\intel64\compiler;C:\Windows\system32;C:\Windows;C:\Windows\System32\Wbem;C:\Windows\System32\WindowsPowerShell\v1.0\;C:\Windows\System32\OpenSSH\;C:\Program Files\NVIDIA Corporation\NVIDIA NvDLISR;C:\Windows\system32\config\systemprofile\AppData\Local\Microsoft\WindowsApps;C:\Program Files\dotnet\;C:\Users\acrpr\AppData\Local\Programs\Python\Python311;C:\Users\acrpr\AppData\Local\Programs\Python\Python311\Scripts;C:\WINDOWS\system32;C:\WINDOWS;C:\WINDOWS\System32\Wbem;C:\WINDOWS\System32\WindowsPowerShell\v1.0\;C:\WINDOWS\System32\OpenSSH\;C:\MinGW\bin;C:\jre-10.0.2\bin;C:\Program Files\swipl\bin;C:\masm32\bin;C:\composer;C:\xampp\php;C:\Users\acrpr\AppData\Roaming\JetBrains\WebStorm2023.3\node\node-v18.15.0-win-x64;C:\Program Files (x86)\NVIDIA Corporation\PhysX\Common;C:\Program Files\Java\jdk-17;C:\Program Files\Git\cmd;C:\Program Files\JetBrains\IntelliJ IDEA 2023.2.1\plugins\maven;;C:\Program Files\NVIDIA Corporation\NVIDIA app\NvDLISR;C:\Program Files\MySQL\MySQL Shell 8.0\bin\;C:\Users\acrpr\AppData\Local\Programs\Python\Python311\Scripts\;C:\Users\acrpr\AppData\Local\Programs\Python\Python311\;C:\Users\acrpr\AppData\Local\Microsoft\WindowsApps;C:\MinGW\bin;C:\Program Files\LLVM\bin;C:\Program Files\JetBrains\PyCharm Community Edition 2022.2.1\bin;C:\Program Files\JetBrains\IntelliJ IDEA Community Edition 2023.2.1\bin;C:\Program Files\JetBrains\IntelliJ IDEA 2023.2.1\bin;C:\masm32\bin;C:\Users\acrpr\AppData\Local\Programs\Microsoft VS Code\bin;C:\Users\acrpr\AppData\Local\JetBrains\Toolbox\scripts;C:\Users\acrpr\AppData\Roaming\Composer\vendor\bin;C:\Users\acrpr\AppData\Roaming\JetBrains\WebStorm2023.3\node\node-v18.15.0-win-x64;C:\Program Files\Java\jdk-17;C:\Program Files\JetBrains\IntelliJ IDEA 2023.2.1\plugins\maven;C:\Users\acrpr\.dotnet\tools;C:\Users\acrpr\AppData\Local\Programs\Windsurf\bin;C:\Program Files\Java\jdk-17\bin
JRE paths:	C:\Program Files\Java\jdk-17;C:\Program Files\Common Files\Oracle\Java\javapath;C:\Program Files (x86)\Razer Chroma SDK\bin;C:\Program Files\Razer Chroma SDK\bin;C:\Program Files (x86)\Razer\ChromaBroadcast\bin;C:\Program Files\Razer\ChromaBroadcast\bin;C:\Program Files (x86)\Common Files\Oracle\Java\javapath;C:\Program Files (x86)\Common Files\Intel\Shared Libraries\redist\intel64\compiler;C:\Windows\system32;C:\Windows;C:\Windows\System32\Wbem;C:\Windows\System32\WindowsPowerShell\v1.0\;C:\Windows\System32\OpenSSH\;C:\Program Files\NVIDIA Corporation\NVIDIA NvDLISR;C:\Windows\system32\config\systemprofile\AppData\Local\Microsoft\WindowsApps;C:\Program Files\dotnet\;C:\Users\acrpr\AppData\Local\Programs\Python\Python311;C:\Users\acrpr\AppData\Local\Programs\Python\Python311\Scripts;C:\WINDOWS\system32;C:\WINDOWS;C:\WINDOWS\System32\Wbem;C:\WINDOWS\System32\WindowsPowerShell\v1.0\;C:\WINDOWS\System32\OpenSSH\;C:\MinGW\bin;C:\jre-10.0.2\bin;C:\Program Files\swipl\bin;C:\masm32\bin;C:\composer;C:\xampp\php;C:\Users\acrpr\AppData\Roaming\JetBrains\WebStorm2023.3\node\node-v18.15.0-win-x64;C:\Program Files (x86)\NVIDIA Corporation\PhysX\Common;C:\Program Files\Java\jdk-17;C:\Program Files\Git\cmd;C:\Program Files\JetBrains\IntelliJ IDEA 2023.2.1\plugins\maven;;C:\Program Files\NVIDIA Corporation\NVIDIA app\NvDLISR;C:\Program Files\MySQL\MySQL Shell 8.0\bin\;C:\Users\acrpr\AppData\Local\Programs\Python\Python311\Scripts\;C:\Users\acrpr\AppData\Local\Programs\Python\Python311\;C:\Users\acrpr\AppData\Local\Microsoft\WindowsApps;C:\MinGW\bin;C:\Program Files\LLVM\bin;C:\Program Files\JetBrains\PyCharm Community Edition 2022.2.1\bin;C:\Program Files\JetBrains\IntelliJ IDEA Community Edition 2023.2.1\bin;C:\Program Files\JetBrains\IntelliJ IDEA 2023.2.1\bin;C:\masm32\bin;C:\Users\acrpr\AppData\Local\Programs\Microsoft VS Code\bin;C:\Users\acrpr\AppData\Local\JetBrains\Toolbox\scripts;C:\Users\acrpr\AppData\Roaming\Composer\vendor\bin;C:\Users\acrpr\AppData\Roaming\JetBrains\WebStorm2023.3\node\node-v18.15.0-win-x64;C:\Program Files\Java\jdk-17;C:\Program Files\JetBrains\IntelliJ IDEA 2023.2.1\plugins\maven;C:\Users\acrpr\.dotnet\tools;C:\Users\acrpr\AppData\Local\Programs\Windsurf\bin;C:\Program Files\Java\jdk-17\bin
Check launcher:	C:\Program Files\Java\jdk-17\bin\javaw.exe (OK)
Version string: 1.017.000_011 / 64-Bit (OK)
Launcher:	C:\Program Files\Java\jdk-17\bin\javaw.exe
Launcher args:	-jar "C:\Users\acrpr\OneDrive\Documents\cs23localab\CS125\old-school-tetris\Tetris.exe"
Args length:	87/32768 chars
Exit code:	0
